<?xml version="1.0" encoding="UTF-8"?>
<!-- Generated by org.testng.reporters.JUnitReportReporter -->
<testsuite skipped="0" hostname="Mds-MacBook-Air-2.local" name="com.bit.test.SmokeTest" tests="1" failures="0" timestamp="2021-01-03T13:29:18 EST" time="0.011" errors="0">
  <testcase name="test1" time="0.011" classname="com.bit.test.SmokeTest"/>
  <system-out/>
</testsuite> <!-- com.bit.test.SmokeTest -->
